<?xml version="1.0" encoding="UTF-8"?>
<testsuite xmlns:xsi="http://www.w3.org/2001/XMLSchema-instance" xsi:noNamespaceSchemaLocation="https://maven.apache.org/surefire/maven-surefire-plugin/xsd/surefire-test-report-3.0.xsd" version="3.0" name="de.automation.skl.AutomationApplicationTests" time="8.245" tests="1" errors="0" skipped="0" failures="0">
  <properties>
    <property name="java.specification.version" value="17"/>
    <property name="sun.cpu.isalist" value="amd64"/>
    <property name="sun.jnu.encoding" value="Cp1252"/>
    <property name="java.class.path" value="C:\Users\Stefan.Klewer\git\workflow-test\target\test-classes;C:\Users\Stefan.Klewer\git\workflow-test\target\classes;C:\Users\Stefan.Klewer\.m2\repository\org\springframework\boot\spring-boot-starter-actuator\3.2.4\spring-boot-starter-actuator-3.2.4.jar;C:\Users\Stefan.Klewer\.m2\repository\org\springframework\boot\spring-boot-starter\3.2.4\spring-boot-starter-3.2.4.jar;C:\Users\Stefan.Klewer\.m2\repository\org\springframework\boot\spring-boot\3.2.4\spring-boot-3.2.4.jar;C:\Users\Stefan.Klewer\.m2\repository\org\springframework\boot\spring-boot-autoconfigure\3.2.4\spring-boot-autoconfigure-3.2.4.jar;C:\Users\Stefan.Klewer\.m2\repository\org\springframework\boot\spring-boot-starter-logging\3.2.4\spring-boot-starter-logging-3.2.4.jar;C:\Users\Stefan.Klewer\.m2\repository\ch\qos\logback\logback-classic\1.4.14\logback-classic-1.4.14.jar;C:\Users\Stefan.Klewer\.m2\repository\ch\qos\logback\logback-core\1.4.14\logback-core-1.4.14.jar;C:\Users\Stefan.Klewer\.m2\repository\org\apache\logging\log4j\log4j-to-slf4j\2.21.1\log4j-to-slf4j-2.21.1.jar;C:\Users\Stefan.Klewer\.m2\repository\org\apache\logging\log4j\log4j-api\2.21.1\log4j-api-2.21.1.jar;C:\Users\Stefan.Klewer\.m2\repository\org\slf4j\jul-to-slf4j\2.0.12\jul-to-slf4j-2.0.12.jar;C:\Users\Stefan.Klewer\.m2\repository\jakarta\annotation\jakarta.annotation-api\2.1.1\jakarta.annotation-api-2.1.1.jar;C:\Users\Stefan.Klewer\.m2\repository\org\yaml\snakeyaml\2.2\snakeyaml-2.2.jar;C:\Users\Stefan.Klewer\.m2\repository\org\springframework\boot\spring-boot-actuator-autoconfigure\3.2.4\spring-boot-actuator-autoconfigure-3.2.4.jar;C:\Users\Stefan.Klewer\.m2\repository\org\springframework\boot\spring-boot-actuator\3.2.4\spring-boot-actuator-3.2.4.jar;C:\Users\Stefan.Klewer\.m2\repository\com\fasterxml\jackson\core\jackson-databind\2.15.4\jackson-databind-2.15.4.jar;C:\Users\Stefan.Klewer\.m2\repository\com\fasterxml\jackson\core\jackson-annotations\2.15.4\jackson-annotations-2.15.4.jar;C:\Users\Stefan.Klewer\.m2\repository\com\fasterxml\jackson\core\jackson-core\2.15.4\jackson-core-2.15.4.jar;C:\Users\Stefan.Klewer\.m2\repository\com\fasterxml\jackson\datatype\jackson-datatype-jsr310\2.15.4\jackson-datatype-jsr310-2.15.4.jar;C:\Users\Stefan.Klewer\.m2\repository\io\micrometer\micrometer-observation\1.12.4\micrometer-observation-1.12.4.jar;C:\Users\Stefan.Klewer\.m2\repository\io\micrometer\micrometer-commons\1.12.4\micrometer-commons-1.12.4.jar;C:\Users\Stefan.Klewer\.m2\repository\io\micrometer\micrometer-jakarta9\1.12.4\micrometer-jakarta9-1.12.4.jar;C:\Users\Stefan.Klewer\.m2\repository\io\micrometer\micrometer-core\1.12.4\micrometer-core-1.12.4.jar;C:\Users\Stefan.Klewer\.m2\repository\org\hdrhistogram\HdrHistogram\2.1.12\HdrHistogram-2.1.12.jar;C:\Users\Stefan.Klewer\.m2\repository\org\latencyutils\LatencyUtils\2.0.3\LatencyUtils-2.0.3.jar;C:\Users\Stefan.Klewer\.m2\repository\org\springframework\boot\spring-boot-starter-web\3.2.4\spring-boot-starter-web-3.2.4.jar;C:\Users\Stefan.Klewer\.m2\repository\org\springframework\boot\spring-boot-starter-json\3.2.4\spring-boot-starter-json-3.2.4.jar;C:\Users\Stefan.Klewer\.m2\repository\com\fasterxml\jackson\datatype\jackson-datatype-jdk8\2.15.4\jackson-datatype-jdk8-2.15.4.jar;C:\Users\Stefan.Klewer\.m2\repository\com\fasterxml\jackson\module\jackson-module-parameter-names\2.15.4\jackson-module-parameter-names-2.15.4.jar;C:\Users\Stefan.Klewer\.m2\repository\org\springframework\boot\spring-boot-starter-tomcat\3.2.4\spring-boot-starter-tomcat-3.2.4.jar;C:\Users\Stefan.Klewer\.m2\repository\org\apache\tomcat\embed\tomcat-embed-core\10.1.19\tomcat-embed-core-10.1.19.jar;C:\Users\Stefan.Klewer\.m2\repository\org\apache\tomcat\embed\tomcat-embed-el\10.1.19\tomcat-embed-el-10.1.19.jar;C:\Users\Stefan.Klewer\.m2\repository\org\apache\tomcat\embed\tomcat-embed-websocket\10.1.19\tomcat-embed-websocket-10.1.19.jar;C:\Users\Stefan.Klewer\.m2\repository\org\springframework\spring-web\6.1.5\spring-web-6.1.5.jar;C:\Users\Stefan.Klewer\.m2\repository\org\springframework\spring-beans\6.1.5\spring-beans-6.1.5.jar;C:\Users\Stefan.Klewer\.m2\repository\org\springframework\spring-webmvc\6.1.5\spring-webmvc-6.1.5.jar;C:\Users\Stefan.Klewer\.m2\repository\org\springframework\spring-aop\6.1.5\spring-aop-6.1.5.jar;C:\Users\Stefan.Klewer\.m2\repository\org\springframework\spring-context\6.1.5\spring-context-6.1.5.jar;C:\Users\Stefan.Klewer\.m2\repository\org\springframework\spring-expression\6.1.5\spring-expression-6.1.5.jar;C:\Users\Stefan.Klewer\.m2\repository\org\camunda\bpm\springboot\camunda-bpm-spring-boot-starter-webapp\7.21.0\camunda-bpm-spring-boot-starter-webapp-7.21.0.jar;C:\Users\Stefan.Klewer\.m2\repository\org\camunda\bpm\springboot\camunda-bpm-spring-boot-starter-webapp-core\7.21.0\camunda-bpm-spring-boot-starter-webapp-core-7.21.0.jar;C:\Users\Stefan.Klewer\.m2\repository\org\camunda\bpm\springboot\camunda-bpm-spring-boot-starter\7.21.0\camunda-bpm-spring-boot-starter-7.21.0.jar;C:\Users\Stefan.Klewer\.m2\repository\org\camunda\bpm\camunda-engine-spring-6\7.21.0\camunda-engine-spring-6-7.21.0.jar;C:\Users\Stefan.Klewer\.m2\repository\org\camunda\bpm\camunda-engine\7.21.0\camunda-engine-7.21.0.jar;C:\Users\Stefan.Klewer\.m2\repository\org\camunda\bpm\model\camunda-bpmn-model\7.21.0\camunda-bpmn-model-7.21.0.jar;C:\Users\Stefan.Klewer\.m2\repository\org\camunda\bpm\model\camunda-xml-model\7.21.0\camunda-xml-model-7.21.0.jar;C:\Users\Stefan.Klewer\.m2\repository\org\camunda\bpm\model\camunda-cmmn-model\7.21.0\camunda-cmmn-model-7.21.0.jar;C:\Users\Stefan.Klewer\.m2\repository\org\camunda\bpm\juel\camunda-juel\7.21.0\camunda-juel-7.21.0.jar;C:\Users\Stefan.Klewer\.m2\repository\org\camunda\bpm\dmn\camunda-engine-dmn\7.21.0\camunda-engine-dmn-7.21.0.jar;C:\Users\Stefan.Klewer\.m2\repository\org\camunda\commons\camunda-commons-utils\1.13.0\camunda-commons-utils-1.13.0.jar;C:\Users\Stefan.Klewer\.m2\repository\org\camunda\bpm\model\camunda-dmn-model\7.21.0\camunda-dmn-model-7.21.0.jar;C:\Users\Stefan.Klewer\.m2\repository\org\camunda\bpm\dmn\camunda-engine-feel-api\7.21.0\camunda-engine-feel-api-7.21.0.jar;C:\Users\Stefan.Klewer\.m2\repository\org\camunda\bpm\dmn\camunda-engine-feel-juel\7.21.0\camunda-engine-feel-juel-7.21.0.jar;C:\Users\Stefan.Klewer\.m2\repository\org\camunda\bpm\dmn\camunda-engine-feel-scala\7.21.0\camunda-engine-feel-scala-7.21.0.jar;C:\Users\Stefan.Klewer\.m2\repository\org\camunda\feel\feel-engine\1.17.5\feel-engine-1.17.5-scala-shaded.jar;C:\Users\Stefan.Klewer\.m2\repository\org\camunda\commons\camunda-commons-typed-values\7.21.0\camunda-commons-typed-values-7.21.0.jar;C:\Users\Stefan.Klewer\.m2\repository\org\mybatis\mybatis\3.5.15\mybatis-3.5.15.jar;C:\Users\Stefan.Klewer\.m2\repository\joda-time\joda-time\2.12.5\joda-time-2.12.5.jar;C:\Users\Stefan.Klewer\.m2\repository\org\camunda\connect\camunda-connect-core\1.6.0\camunda-connect-core-1.6.0.jar;C:\Users\Stefan.Klewer\.m2\repository\org\camunda\connect\camunda-connect-connectors-all\1.6.0\camunda-connect-connectors-all-1.6.0.jar;C:\Users\Stefan.Klewer\.m2\repository\org\springframework\spring-jdbc\6.1.5\spring-jdbc-6.1.5.jar;C:\Users\Stefan.Klewer\.m2\repository\org\springframework\spring-tx\6.1.5\spring-tx-6.1.5.jar;C:\Users\Stefan.Klewer\.m2\repository\org\springframework\spring-orm\6.1.5\spring-orm-6.1.5.jar;C:\Users\Stefan.Klewer\.m2\repository\org\apache\commons\commons-lang3\3.13.0\commons-lang3-3.13.0.jar;C:\Users\Stefan.Klewer\.m2\repository\com\fasterxml\uuid\java-uuid-generator\4.3.0\java-uuid-generator-4.3.0.jar;C:\Users\Stefan.Klewer\.m2\repository\com\sun\xml\bind\jaxb-impl\4.0.5\jaxb-impl-4.0.5.jar;C:\Users\Stefan.Klewer\.m2\repository\com\sun\xml\bind\jaxb-core\4.0.5\jaxb-core-4.0.5.jar;C:\Users\Stefan.Klewer\.m2\repository\org\eclipse\angus\angus-activation\2.0.2\angus-activation-2.0.2.jar;C:\Users\Stefan.Klewer\.m2\repository\org\camunda\bpm\webapp\camunda-webapp-jakarta\7.21.0\camunda-webapp-jakarta-7.21.0-classes.jar;C:\Users\Stefan.Klewer\.m2\repository\com\fasterxml\jackson\jakarta\rs\jackson-jakarta-rs-json-provider\2.15.4\jackson-jakarta-rs-json-provider-2.15.4.jar;C:\Users\Stefan.Klewer\.m2\repository\com\fasterxml\jackson\jakarta\rs\jackson-jakarta-rs-base\2.15.4\jackson-jakarta-rs-base-2.15.4.jar;C:\Users\Stefan.Klewer\.m2\repository\com\fasterxml\jackson\module\jackson-module-jakarta-xmlbind-annotations\2.15.4\jackson-module-jakarta-xmlbind-annotations-2.15.4.jar;C:\Users\Stefan.Klewer\.m2\repository\org\camunda\bpm\camunda-engine-rest-core-jakarta\7.21.0\camunda-engine-rest-core-jakarta-7.21.0.jar;C:\Users\Stefan.Klewer\.m2\repository\commons-fileupload\commons-fileupload\1.5\commons-fileupload-1.5.jar;C:\Users\Stefan.Klewer\.m2\repository\commons-io\commons-io\2.8.0\commons-io-2.8.0.jar;C:\Users\Stefan.Klewer\.m2\repository\org\camunda\commons\camunda-commons-logging\1.13.0\camunda-commons-logging-1.13.0.jar;C:\Users\Stefan.Klewer\.m2\repository\org\springframework\boot\spring-boot-starter-jersey\3.2.4\spring-boot-starter-jersey-3.2.4.jar;C:\Users\Stefan.Klewer\.m2\repository\org\springframework\boot\spring-boot-starter-validation\3.2.4\spring-boot-starter-validation-3.2.4.jar;C:\Users\Stefan.Klewer\.m2\repository\org\hibernate\validator\hibernate-validator\8.0.1.Final\hibernate-validator-8.0.1.Final.jar;C:\Users\Stefan.Klewer\.m2\repository\com\fasterxml\classmate\1.6.0\classmate-1.6.0.jar;C:\Users\Stefan.Klewer\.m2\repository\org\glassfish\jersey\containers\jersey-container-servlet-core\3.1.5\jersey-container-servlet-core-3.1.5.jar;C:\Users\Stefan.Klewer\.m2\repository\jakarta\inject\jakarta.inject-api\2.0.1\jakarta.inject-api-2.0.1.jar;C:\Users\Stefan.Klewer\.m2\repository\org\glassfish\jersey\core\jersey-common\3.1.5\jersey-common-3.1.5.jar;C:\Users\Stefan.Klewer\.m2\repository\org\glassfish\hk2\osgi-resource-locator\1.0.3\osgi-resource-locator-1.0.3.jar;C:\Users\Stefan.Klewer\.m2\repository\jakarta\ws\rs\jakarta.ws.rs-api\3.1.0\jakarta.ws.rs-api-3.1.0.jar;C:\Users\Stefan.Klewer\.m2\repository\org\glassfish\jersey\containers\jersey-container-servlet\3.1.5\jersey-container-servlet-3.1.5.jar;C:\Users\Stefan.Klewer\.m2\repository\org\glassfish\jersey\core\jersey-server\3.1.5\jersey-server-3.1.5.jar;C:\Users\Stefan.Klewer\.m2\repository\org\glassfish\jersey\core\jersey-client\3.1.5\jersey-client-3.1.5.jar;C:\Users\Stefan.Klewer\.m2\repository\jakarta\validation\jakarta.validation-api\3.0.2\jakarta.validation-api-3.0.2.jar;C:\Users\Stefan.Klewer\.m2\repository\org\glassfish\jersey\ext\jersey-bean-validation\3.1.5\jersey-bean-validation-3.1.5.jar;C:\Users\Stefan.Klewer\.m2\repository\org\jboss\logging\jboss-logging\3.5.3.Final\jboss-logging-3.5.3.Final.jar;C:\Users\Stefan.Klewer\.m2\repository\org\glassfish\jersey\ext\jersey-spring6\3.1.5\jersey-spring6-3.1.5.jar;C:\Users\Stefan.Klewer\.m2\repository\org\glassfish\jersey\inject\jersey-hk2\3.1.5\jersey-hk2-3.1.5.jar;C:\Users\Stefan.Klewer\.m2\repository\org\glassfish\hk2\hk2-locator\3.0.5\hk2-locator-3.0.5.jar;C:\Users\Stefan.Klewer\.m2\repository\org\glassfish\hk2\external\aopalliance-repackaged\3.0.5\aopalliance-repackaged-3.0.5.jar;C:\Users\Stefan.Klewer\.m2\repository\org\javassist\javassist\3.29.2-GA\javassist-3.29.2-GA.jar;C:\Users\Stefan.Klewer\.m2\repository\org\glassfish\hk2\hk2\3.0.5\hk2-3.0.5.jar;C:\Users\Stefan.Klewer\.m2\repository\org\glassfish\hk2\hk2-utils\3.0.5\hk2-utils-3.0.5.jar;C:\Users\Stefan.Klewer\.m2\repository\org\glassfish\hk2\hk2-api\3.0.5\hk2-api-3.0.5.jar;C:\Users\Stefan.Klewer\.m2\repository\org\glassfish\hk2\hk2-core\3.0.5\hk2-core-3.0.5.jar;C:\Users\Stefan.Klewer\.m2\repository\org\glassfish\hk2\hk2-runlevel\3.0.5\hk2-runlevel-3.0.5.jar;C:\Users\Stefan.Klewer\.m2\repository\org\glassfish\hk2\class-model\3.0.5\class-model-3.0.5.jar;C:\Users\Stefan.Klewer\.m2\repository\org\ow2\asm\asm-analysis\9.6\asm-analysis-9.6.jar;C:\Users\Stefan.Klewer\.m2\repository\org\ow2\asm\asm-commons\9.6\asm-commons-9.6.jar;C:\Users\Stefan.Klewer\.m2\repository\org\ow2\asm\asm-tree\9.6\asm-tree-9.6.jar;C:\Users\Stefan.Klewer\.m2\repository\org\ow2\asm\asm-util\9.6\asm-util-9.6.jar;C:\Users\Stefan.Klewer\.m2\repository\org\glassfish\hk2\spring-bridge\3.0.5\spring-bridge-3.0.5.jar;C:\Users\Stefan.Klewer\.m2\repository\org\glassfish\jersey\media\jersey-media-json-jackson\3.1.5\jersey-media-json-jackson-3.1.5.jar;C:\Users\Stefan.Klewer\.m2\repository\org\glassfish\jersey\ext\jersey-entity-filtering\3.1.5\jersey-entity-filtering-3.1.5.jar;C:\Users\Stefan.Klewer\.m2\repository\org\camunda\bpm\webapp\camunda-webapp-webjar\7.21.0\camunda-webapp-webjar-7.21.0.jar;C:\Users\Stefan.Klewer\.m2\repository\com\h2database\h2\2.2.224\h2-2.2.224.jar;C:\Users\Stefan.Klewer\.m2\repository\org\projectlombok\lombok\1.18.30\lombok-1.18.30.jar;C:\Users\Stefan.Klewer\.m2\repository\org\springframework\boot\spring-boot-starter-test\3.2.4\spring-boot-starter-test-3.2.4.jar;C:\Users\Stefan.Klewer\.m2\repository\org\springframework\boot\spring-boot-test\3.2.4\spring-boot-test-3.2.4.jar;C:\Users\Stefan.Klewer\.m2\repository\org\springframework\boot\spring-boot-test-autoconfigure\3.2.4\spring-boot-test-autoconfigure-3.2.4.jar;C:\Users\Stefan.Klewer\.m2\repository\com\jayway\jsonpath\json-path\2.9.0\json-path-2.9.0.jar;C:\Users\Stefan.Klewer\.m2\repository\org\slf4j\slf4j-api\2.0.12\slf4j-api-2.0.12.jar;C:\Users\Stefan.Klewer\.m2\repository\jakarta\xml\bind\jakarta.xml.bind-api\4.0.2\jakarta.xml.bind-api-4.0.2.jar;C:\Users\Stefan.Klewer\.m2\repository\jakarta\activation\jakarta.activation-api\2.1.3\jakarta.activation-api-2.1.3.jar;C:\Users\Stefan.Klewer\.m2\repository\net\minidev\json-smart\2.5.0\json-smart-2.5.0.jar;C:\Users\Stefan.Klewer\.m2\repository\net\minidev\accessors-smart\2.5.0\accessors-smart-2.5.0.jar;C:\Users\Stefan.Klewer\.m2\repository\org\ow2\asm\asm\9.3\asm-9.3.jar;C:\Users\Stefan.Klewer\.m2\repository\org\assertj\assertj-core\3.24.2\assertj-core-3.24.2.jar;C:\Users\Stefan.Klewer\.m2\repository\net\bytebuddy\byte-buddy\1.14.12\byte-buddy-1.14.12.jar;C:\Users\Stefan.Klewer\.m2\repository\org\awaitility\awaitility\4.2.0\awaitility-4.2.0.jar;C:\Users\Stefan.Klewer\.m2\repository\org\hamcrest\hamcrest\2.2\hamcrest-2.2.jar;C:\Users\Stefan.Klewer\.m2\repository\org\junit\jupiter\junit-jupiter\5.10.2\junit-jupiter-5.10.2.jar;C:\Users\Stefan.Klewer\.m2\repository\org\junit\jupiter\junit-jupiter-api\5.10.2\junit-jupiter-api-5.10.2.jar;C:\Users\Stefan.Klewer\.m2\repository\org\opentest4j\opentest4j\1.3.0\opentest4j-1.3.0.jar;C:\Users\Stefan.Klewer\.m2\repository\org\junit\platform\junit-platform-commons\1.10.2\junit-platform-commons-1.10.2.jar;C:\Users\Stefan.Klewer\.m2\repository\org\apiguardian\apiguardian-api\1.1.2\apiguardian-api-1.1.2.jar;C:\Users\Stefan.Klewer\.m2\repository\org\junit\jupiter\junit-jupiter-params\5.10.2\junit-jupiter-params-5.10.2.jar;C:\Users\Stefan.Klewer\.m2\repository\org\junit\jupiter\junit-jupiter-engine\5.10.2\junit-jupiter-engine-5.10.2.jar;C:\Users\Stefan.Klewer\.m2\repository\org\junit\platform\junit-platform-engine\1.10.2\junit-platform-engine-1.10.2.jar;C:\Users\Stefan.Klewer\.m2\repository\org\mockito\mockito-core\5.7.0\mockito-core-5.7.0.jar;C:\Users\Stefan.Klewer\.m2\repository\net\bytebuddy\byte-buddy-agent\1.14.12\byte-buddy-agent-1.14.12.jar;C:\Users\Stefan.Klewer\.m2\repository\org\objenesis\objenesis\3.3\objenesis-3.3.jar;C:\Users\Stefan.Klewer\.m2\repository\org\mockito\mockito-junit-jupiter\5.7.0\mockito-junit-jupiter-5.7.0.jar;C:\Users\Stefan.Klewer\.m2\repository\org\skyscreamer\jsonassert\1.5.1\jsonassert-1.5.1.jar;C:\Users\Stefan.Klewer\.m2\repository\com\vaadin\external\google\android-json\0.0.20131108.vaadin1\android-json-0.0.20131108.vaadin1.jar;C:\Users\Stefan.Klewer\.m2\repository\org\springframework\spring-core\6.1.5\spring-core-6.1.5.jar;C:\Users\Stefan.Klewer\.m2\repository\org\springframework\spring-jcl\6.1.5\spring-jcl-6.1.5.jar;C:\Users\Stefan.Klewer\.m2\repository\org\springframework\spring-test\6.1.5\spring-test-6.1.5.jar;C:\Users\Stefan.Klewer\.m2\repository\org\xmlunit\xmlunit-core\2.9.1\xmlunit-core-2.9.1.jar;"/>
    <property name="java.vm.vendor" value="Eclipse Adoptium"/>
    <property name="sun.arch.data.model" value="64"/>
    <property name="user.variant" value=""/>
    <property name="java.vendor.url" value="https://adoptium.net/"/>
    <property name="user.timezone" value="Europe/Berlin"/>
    <property name="org.jboss.logging.provider" value="slf4j"/>
    <property name="user.country.format" value="DE"/>
    <property name="os.name" value="Windows Server 2016"/>
    <property name="java.vm.specification.version" value="17"/>
    <property name="sun.java.launcher" value="SUN_STANDARD"/>
    <property name="user.country" value="US"/>
    <property name="sun.boot.library.path" value="C:\01 - Tooling\sts-4.22.0.RELEASE\plugins\org.eclipse.justj.openjdk.hotspot.jre.full.win32.x86_64_17.0.10.v20240120-1143\jre\bin"/>
    <property name="sun.java.command" value="C:\Users\Stefan.Klewer\AppData\Local\Temp\2\surefire3338400758555801859\surefirebooter-20240415080745485_3.jar C:\Users\Stefan.Klewer\AppData\Local\Temp\2\surefire3338400758555801859 2024-04-15T08-07-45_327-jvmRun1 surefire-20240415080745485_1tmp surefire_0-20240415080745485_2tmp"/>
    <property name="jdk.debug" value="release"/>
    <property name="surefire.test.class.path" value="C:\Users\Stefan.Klewer\git\workflow-test\target\test-classes;C:\Users\Stefan.Klewer\git\workflow-test\target\classes;C:\Users\Stefan.Klewer\.m2\repository\org\springframework\boot\spring-boot-starter-actuator\3.2.4\spring-boot-starter-actuator-3.2.4.jar;C:\Users\Stefan.Klewer\.m2\repository\org\springframework\boot\spring-boot-starter\3.2.4\spring-boot-starter-3.2.4.jar;C:\Users\Stefan.Klewer\.m2\repository\org\springframework\boot\spring-boot\3.2.4\spring-boot-3.2.4.jar;C:\Users\Stefan.Klewer\.m2\repository\org\springframework\boot\spring-boot-autoconfigure\3.2.4\spring-boot-autoconfigure-3.2.4.jar;C:\Users\Stefan.Klewer\.m2\repository\org\springframework\boot\spring-boot-starter-logging\3.2.4\spring-boot-starter-logging-3.2.4.jar;C:\Users\Stefan.Klewer\.m2\repository\ch\qos\logback\logback-classic\1.4.14\logback-classic-1.4.14.jar;C:\Users\Stefan.Klewer\.m2\repository\ch\qos\logback\logback-core\1.4.14\logback-core-1.4.14.jar;C:\Users\Stefan.Klewer\.m2\repository\org\apache\logging\log4j\log4j-to-slf4j\2.21.1\log4j-to-slf4j-2.21.1.jar;C:\Users\Stefan.Klewer\.m2\repository\org\apache\logging\log4j\log4j-api\2.21.1\log4j-api-2.21.1.jar;C:\Users\Stefan.Klewer\.m2\repository\org\slf4j\jul-to-slf4j\2.0.12\jul-to-slf4j-2.0.12.jar;C:\Users\Stefan.Klewer\.m2\repository\jakarta\annotation\jakarta.annotation-api\2.1.1\jakarta.annotation-api-2.1.1.jar;C:\Users\Stefan.Klewer\.m2\repository\org\yaml\snakeyaml\2.2\snakeyaml-2.2.jar;C:\Users\Stefan.Klewer\.m2\repository\org\springframework\boot\spring-boot-actuator-autoconfigure\3.2.4\spring-boot-actuator-autoconfigure-3.2.4.jar;C:\Users\Stefan.Klewer\.m2\repository\org\springframework\boot\spring-boot-actuator\3.2.4\spring-boot-actuator-3.2.4.jar;C:\Users\Stefan.Klewer\.m2\repository\com\fasterxml\jackson\core\jackson-databind\2.15.4\jackson-databind-2.15.4.jar;C:\Users\Stefan.Klewer\.m2\repository\com\fasterxml\jackson\core\jackson-annotations\2.15.4\jackson-annotations-2.15.4.jar;C:\Users\Stefan.Klewer\.m2\repository\com\fasterxml\jackson\core\jackson-core\2.15.4\jackson-core-2.15.4.jar;C:\Users\Stefan.Klewer\.m2\repository\com\fasterxml\jackson\datatype\jackson-datatype-jsr310\2.15.4\jackson-datatype-jsr310-2.15.4.jar;C:\Users\Stefan.Klewer\.m2\repository\io\micrometer\micrometer-observation\1.12.4\micrometer-observation-1.12.4.jar;C:\Users\Stefan.Klewer\.m2\repository\io\micrometer\micrometer-commons\1.12.4\micrometer-commons-1.12.4.jar;C:\Users\Stefan.Klewer\.m2\repository\io\micrometer\micrometer-jakarta9\1.12.4\micrometer-jakarta9-1.12.4.jar;C:\Users\Stefan.Klewer\.m2\repository\io\micrometer\micrometer-core\1.12.4\micrometer-core-1.12.4.jar;C:\Users\Stefan.Klewer\.m2\repository\org\hdrhistogram\HdrHistogram\2.1.12\HdrHistogram-2.1.12.jar;C:\Users\Stefan.Klewer\.m2\repository\org\latencyutils\LatencyUtils\2.0.3\LatencyUtils-2.0.3.jar;C:\Users\Stefan.Klewer\.m2\repository\org\springframework\boot\spring-boot-starter-web\3.2.4\spring-boot-starter-web-3.2.4.jar;C:\Users\Stefan.Klewer\.m2\repository\org\springframework\boot\spring-boot-starter-json\3.2.4\spring-boot-starter-json-3.2.4.jar;C:\Users\Stefan.Klewer\.m2\repository\com\fasterxml\jackson\datatype\jackson-datatype-jdk8\2.15.4\jackson-datatype-jdk8-2.15.4.jar;C:\Users\Stefan.Klewer\.m2\repository\com\fasterxml\jackson\module\jackson-module-parameter-names\2.15.4\jackson-module-parameter-names-2.15.4.jar;C:\Users\Stefan.Klewer\.m2\repository\org\springframework\boot\spring-boot-starter-tomcat\3.2.4\spring-boot-starter-tomcat-3.2.4.jar;C:\Users\Stefan.Klewer\.m2\repository\org\apache\tomcat\embed\tomcat-embed-core\10.1.19\tomcat-embed-core-10.1.19.jar;C:\Users\Stefan.Klewer\.m2\repository\org\apache\tomcat\embed\tomcat-embed-el\10.1.19\tomcat-embed-el-10.1.19.jar;C:\Users\Stefan.Klewer\.m2\repository\org\apache\tomcat\embed\tomcat-embed-websocket\10.1.19\tomcat-embed-websocket-10.1.19.jar;C:\Users\Stefan.Klewer\.m2\repository\org\springframework\spring-web\6.1.5\spring-web-6.1.5.jar;C:\Users\Stefan.Klewer\.m2\repository\org\springframework\spring-beans\6.1.5\spring-beans-6.1.5.jar;C:\Users\Stefan.Klewer\.m2\repository\org\springframework\spring-webmvc\6.1.5\spring-webmvc-6.1.5.jar;C:\Users\Stefan.Klewer\.m2\repository\org\springframework\spring-aop\6.1.5\spring-aop-6.1.5.jar;C:\Users\Stefan.Klewer\.m2\repository\org\springframework\spring-context\6.1.5\spring-context-6.1.5.jar;C:\Users\Stefan.Klewer\.m2\repository\org\springframework\spring-expression\6.1.5\spring-expression-6.1.5.jar;C:\Users\Stefan.Klewer\.m2\repository\org\camunda\bpm\springboot\camunda-bpm-spring-boot-starter-webapp\7.21.0\camunda-bpm-spring-boot-starter-webapp-7.21.0.jar;C:\Users\Stefan.Klewer\.m2\repository\org\camunda\bpm\springboot\camunda-bpm-spring-boot-starter-webapp-core\7.21.0\camunda-bpm-spring-boot-starter-webapp-core-7.21.0.jar;C:\Users\Stefan.Klewer\.m2\repository\org\camunda\bpm\springboot\camunda-bpm-spring-boot-starter\7.21.0\camunda-bpm-spring-boot-starter-7.21.0.jar;C:\Users\Stefan.Klewer\.m2\repository\org\camunda\bpm\camunda-engine-spring-6\7.21.0\camunda-engine-spring-6-7.21.0.jar;C:\Users\Stefan.Klewer\.m2\repository\org\camunda\bpm\camunda-engine\7.21.0\camunda-engine-7.21.0.jar;C:\Users\Stefan.Klewer\.m2\repository\org\camunda\bpm\model\camunda-bpmn-model\7.21.0\camunda-bpmn-model-7.21.0.jar;C:\Users\Stefan.Klewer\.m2\repository\org\camunda\bpm\model\camunda-xml-model\7.21.0\camunda-xml-model-7.21.0.jar;C:\Users\Stefan.Klewer\.m2\repository\org\camunda\bpm\model\camunda-cmmn-model\7.21.0\camunda-cmmn-model-7.21.0.jar;C:\Users\Stefan.Klewer\.m2\repository\org\camunda\bpm\juel\camunda-juel\7.21.0\camunda-juel-7.21.0.jar;C:\Users\Stefan.Klewer\.m2\repository\org\camunda\bpm\dmn\camunda-engine-dmn\7.21.0\camunda-engine-dmn-7.21.0.jar;C:\Users\Stefan.Klewer\.m2\repository\org\camunda\commons\camunda-commons-utils\1.13.0\camunda-commons-utils-1.13.0.jar;C:\Users\Stefan.Klewer\.m2\repository\org\camunda\bpm\model\camunda-dmn-model\7.21.0\camunda-dmn-model-7.21.0.jar;C:\Users\Stefan.Klewer\.m2\repository\org\camunda\bpm\dmn\camunda-engine-feel-api\7.21.0\camunda-engine-feel-api-7.21.0.jar;C:\Users\Stefan.Klewer\.m2\repository\org\camunda\bpm\dmn\camunda-engine-feel-juel\7.21.0\camunda-engine-feel-juel-7.21.0.jar;C:\Users\Stefan.Klewer\.m2\repository\org\camunda\bpm\dmn\camunda-engine-feel-scala\7.21.0\camunda-engine-feel-scala-7.21.0.jar;C:\Users\Stefan.Klewer\.m2\repository\org\camunda\feel\feel-engine\1.17.5\feel-engine-1.17.5-scala-shaded.jar;C:\Users\Stefan.Klewer\.m2\repository\org\camunda\commons\camunda-commons-typed-values\7.21.0\camunda-commons-typed-values-7.21.0.jar;C:\Users\Stefan.Klewer\.m2\repository\org\mybatis\mybatis\3.5.15\mybatis-3.5.15.jar;C:\Users\Stefan.Klewer\.m2\repository\joda-time\joda-time\2.12.5\joda-time-2.12.5.jar;C:\Users\Stefan.Klewer\.m2\repository\org\camunda\connect\camunda-connect-core\1.6.0\camunda-connect-core-1.6.0.jar;C:\Users\Stefan.Klewer\.m2\repository\org\camunda\connect\camunda-connect-connectors-all\1.6.0\camunda-connect-connectors-all-1.6.0.jar;C:\Users\Stefan.Klewer\.m2\repository\org\springframework\spring-jdbc\6.1.5\spring-jdbc-6.1.5.jar;C:\Users\Stefan.Klewer\.m2\repository\org\springframework\spring-tx\6.1.5\spring-tx-6.1.5.jar;C:\Users\Stefan.Klewer\.m2\repository\org\springframework\spring-orm\6.1.5\spring-orm-6.1.5.jar;C:\Users\Stefan.Klewer\.m2\repository\org\apache\commons\commons-lang3\3.13.0\commons-lang3-3.13.0.jar;C:\Users\Stefan.Klewer\.m2\repository\com\fasterxml\uuid\java-uuid-generator\4.3.0\java-uuid-generator-4.3.0.jar;C:\Users\Stefan.Klewer\.m2\repository\com\sun\xml\bind\jaxb-impl\4.0.5\jaxb-impl-4.0.5.jar;C:\Users\Stefan.Klewer\.m2\repository\com\sun\xml\bind\jaxb-core\4.0.5\jaxb-core-4.0.5.jar;C:\Users\Stefan.Klewer\.m2\repository\org\eclipse\angus\angus-activation\2.0.2\angus-activation-2.0.2.jar;C:\Users\Stefan.Klewer\.m2\repository\org\camunda\bpm\webapp\camunda-webapp-jakarta\7.21.0\camunda-webapp-jakarta-7.21.0-classes.jar;C:\Users\Stefan.Klewer\.m2\repository\com\fasterxml\jackson\jakarta\rs\jackson-jakarta-rs-json-provider\2.15.4\jackson-jakarta-rs-json-provider-2.15.4.jar;C:\Users\Stefan.Klewer\.m2\repository\com\fasterxml\jackson\jakarta\rs\jackson-jakarta-rs-base\2.15.4\jackson-jakarta-rs-base-2.15.4.jar;C:\Users\Stefan.Klewer\.m2\repository\com\fasterxml\jackson\module\jackson-module-jakarta-xmlbind-annotations\2.15.4\jackson-module-jakarta-xmlbind-annotations-2.15.4.jar;C:\Users\Stefan.Klewer\.m2\repository\org\camunda\bpm\camunda-engine-rest-core-jakarta\7.21.0\camunda-engine-rest-core-jakarta-7.21.0.jar;C:\Users\Stefan.Klewer\.m2\repository\commons-fileupload\commons-fileupload\1.5\commons-fileupload-1.5.jar;C:\Users\Stefan.Klewer\.m2\repository\commons-io\commons-io\2.8.0\commons-io-2.8.0.jar;C:\Users\Stefan.Klewer\.m2\repository\org\camunda\commons\camunda-commons-logging\1.13.0\camunda-commons-logging-1.13.0.jar;C:\Users\Stefan.Klewer\.m2\repository\org\springframework\boot\spring-boot-starter-jersey\3.2.4\spring-boot-starter-jersey-3.2.4.jar;C:\Users\Stefan.Klewer\.m2\repository\org\springframework\boot\spring-boot-starter-validation\3.2.4\spring-boot-starter-validation-3.2.4.jar;C:\Users\Stefan.Klewer\.m2\repository\org\hibernate\validator\hibernate-validator\8.0.1.Final\hibernate-validator-8.0.1.Final.jar;C:\Users\Stefan.Klewer\.m2\repository\com\fasterxml\classmate\1.6.0\classmate-1.6.0.jar;C:\Users\Stefan.Klewer\.m2\repository\org\glassfish\jersey\containers\jersey-container-servlet-core\3.1.5\jersey-container-servlet-core-3.1.5.jar;C:\Users\Stefan.Klewer\.m2\repository\jakarta\inject\jakarta.inject-api\2.0.1\jakarta.inject-api-2.0.1.jar;C:\Users\Stefan.Klewer\.m2\repository\org\glassfish\jersey\core\jersey-common\3.1.5\jersey-common-3.1.5.jar;C:\Users\Stefan.Klewer\.m2\repository\org\glassfish\hk2\osgi-resource-locator\1.0.3\osgi-resource-locator-1.0.3.jar;C:\Users\Stefan.Klewer\.m2\repository\jakarta\ws\rs\jakarta.ws.rs-api\3.1.0\jakarta.ws.rs-api-3.1.0.jar;C:\Users\Stefan.Klewer\.m2\repository\org\glassfish\jersey\containers\jersey-container-servlet\3.1.5\jersey-container-servlet-3.1.5.jar;C:\Users\Stefan.Klewer\.m2\repository\org\glassfish\jersey\core\jersey-server\3.1.5\jersey-server-3.1.5.jar;C:\Users\Stefan.Klewer\.m2\repository\org\glassfish\jersey\core\jersey-client\3.1.5\jersey-client-3.1.5.jar;C:\Users\Stefan.Klewer\.m2\repository\jakarta\validation\jakarta.validation-api\3.0.2\jakarta.validation-api-3.0.2.jar;C:\Users\Stefan.Klewer\.m2\repository\org\glassfish\jersey\ext\jersey-bean-validation\3.1.5\jersey-bean-validation-3.1.5.jar;C:\Users\Stefan.Klewer\.m2\repository\org\jboss\logging\jboss-logging\3.5.3.Final\jboss-logging-3.5.3.Final.jar;C:\Users\Stefan.Klewer\.m2\repository\org\glassfish\jersey\ext\jersey-spring6\3.1.5\jersey-spring6-3.1.5.jar;C:\Users\Stefan.Klewer\.m2\repository\org\glassfish\jersey\inject\jersey-hk2\3.1.5\jersey-hk2-3.1.5.jar;C:\Users\Stefan.Klewer\.m2\repository\org\glassfish\hk2\hk2-locator\3.0.5\hk2-locator-3.0.5.jar;C:\Users\Stefan.Klewer\.m2\repository\org\glassfish\hk2\external\aopalliance-repackaged\3.0.5\aopalliance-repackaged-3.0.5.jar;C:\Users\Stefan.Klewer\.m2\repository\org\javassist\javassist\3.29.2-GA\javassist-3.29.2-GA.jar;C:\Users\Stefan.Klewer\.m2\repository\org\glassfish\hk2\hk2\3.0.5\hk2-3.0.5.jar;C:\Users\Stefan.Klewer\.m2\repository\org\glassfish\hk2\hk2-utils\3.0.5\hk2-utils-3.0.5.jar;C:\Users\Stefan.Klewer\.m2\repository\org\glassfish\hk2\hk2-api\3.0.5\hk2-api-3.0.5.jar;C:\Users\Stefan.Klewer\.m2\repository\org\glassfish\hk2\hk2-core\3.0.5\hk2-core-3.0.5.jar;C:\Users\Stefan.Klewer\.m2\repository\org\glassfish\hk2\hk2-runlevel\3.0.5\hk2-runlevel-3.0.5.jar;C:\Users\Stefan.Klewer\.m2\repository\org\glassfish\hk2\class-model\3.0.5\class-model-3.0.5.jar;C:\Users\Stefan.Klewer\.m2\repository\org\ow2\asm\asm-analysis\9.6\asm-analysis-9.6.jar;C:\Users\Stefan.Klewer\.m2\repository\org\ow2\asm\asm-commons\9.6\asm-commons-9.6.jar;C:\Users\Stefan.Klewer\.m2\repository\org\ow2\asm\asm-tree\9.6\asm-tree-9.6.jar;C:\Users\Stefan.Klewer\.m2\repository\org\ow2\asm\asm-util\9.6\asm-util-9.6.jar;C:\Users\Stefan.Klewer\.m2\repository\org\glassfish\hk2\spring-bridge\3.0.5\spring-bridge-3.0.5.jar;C:\Users\Stefan.Klewer\.m2\repository\org\glassfish\jersey\media\jersey-media-json-jackson\3.1.5\jersey-media-json-jackson-3.1.5.jar;C:\Users\Stefan.Klewer\.m2\repository\org\glassfish\jersey\ext\jersey-entity-filtering\3.1.5\jersey-entity-filtering-3.1.5.jar;C:\Users\Stefan.Klewer\.m2\repository\org\camunda\bpm\webapp\camunda-webapp-webjar\7.21.0\camunda-webapp-webjar-7.21.0.jar;C:\Users\Stefan.Klewer\.m2\repository\com\h2database\h2\2.2.224\h2-2.2.224.jar;C:\Users\Stefan.Klewer\.m2\repository\org\projectlombok\lombok\1.18.30\lombok-1.18.30.jar;C:\Users\Stefan.Klewer\.m2\repository\org\springframework\boot\spring-boot-starter-test\3.2.4\spring-boot-starter-test-3.2.4.jar;C:\Users\Stefan.Klewer\.m2\repository\org\springframework\boot\spring-boot-test\3.2.4\spring-boot-test-3.2.4.jar;C:\Users\Stefan.Klewer\.m2\repository\org\springframework\boot\spring-boot-test-autoconfigure\3.2.4\spring-boot-test-autoconfigure-3.2.4.jar;C:\Users\Stefan.Klewer\.m2\repository\com\jayway\jsonpath\json-path\2.9.0\json-path-2.9.0.jar;C:\Users\Stefan.Klewer\.m2\repository\org\slf4j\slf4j-api\2.0.12\slf4j-api-2.0.12.jar;C:\Users\Stefan.Klewer\.m2\repository\jakarta\xml\bind\jakarta.xml.bind-api\4.0.2\jakarta.xml.bind-api-4.0.2.jar;C:\Users\Stefan.Klewer\.m2\repository\jakarta\activation\jakarta.activation-api\2.1.3\jakarta.activation-api-2.1.3.jar;C:\Users\Stefan.Klewer\.m2\repository\net\minidev\json-smart\2.5.0\json-smart-2.5.0.jar;C:\Users\Stefan.Klewer\.m2\repository\net\minidev\accessors-smart\2.5.0\accessors-smart-2.5.0.jar;C:\Users\Stefan.Klewer\.m2\repository\org\ow2\asm\asm\9.3\asm-9.3.jar;C:\Users\Stefan.Klewer\.m2\repository\org\assertj\assertj-core\3.24.2\assertj-core-3.24.2.jar;C:\Users\Stefan.Klewer\.m2\repository\net\bytebuddy\byte-buddy\1.14.12\byte-buddy-1.14.12.jar;C:\Users\Stefan.Klewer\.m2\repository\org\awaitility\awaitility\4.2.0\awaitility-4.2.0.jar;C:\Users\Stefan.Klewer\.m2\repository\org\hamcrest\hamcrest\2.2\hamcrest-2.2.jar;C:\Users\Stefan.Klewer\.m2\repository\org\junit\jupiter\junit-jupiter\5.10.2\junit-jupiter-5.10.2.jar;C:\Users\Stefan.Klewer\.m2\repository\org\junit\jupiter\junit-jupiter-api\5.10.2\junit-jupiter-api-5.10.2.jar;C:\Users\Stefan.Klewer\.m2\repository\org\opentest4j\opentest4j\1.3.0\opentest4j-1.3.0.jar;C:\Users\Stefan.Klewer\.m2\repository\org\junit\platform\junit-platform-commons\1.10.2\junit-platform-commons-1.10.2.jar;C:\Users\Stefan.Klewer\.m2\repository\org\apiguardian\apiguardian-api\1.1.2\apiguardian-api-1.1.2.jar;C:\Users\Stefan.Klewer\.m2\repository\org\junit\jupiter\junit-jupiter-params\5.10.2\junit-jupiter-params-5.10.2.jar;C:\Users\Stefan.Klewer\.m2\repository\org\junit\jupiter\junit-jupiter-engine\5.10.2\junit-jupiter-engine-5.10.2.jar;C:\Users\Stefan.Klewer\.m2\repository\org\junit\platform\junit-platform-engine\1.10.2\junit-platform-engine-1.10.2.jar;C:\Users\Stefan.Klewer\.m2\repository\org\mockito\mockito-core\5.7.0\mockito-core-5.7.0.jar;C:\Users\Stefan.Klewer\.m2\repository\net\bytebuddy\byte-buddy-agent\1.14.12\byte-buddy-agent-1.14.12.jar;C:\Users\Stefan.Klewer\.m2\repository\org\objenesis\objenesis\3.3\objenesis-3.3.jar;C:\Users\Stefan.Klewer\.m2\repository\org\mockito\mockito-junit-jupiter\5.7.0\mockito-junit-jupiter-5.7.0.jar;C:\Users\Stefan.Klewer\.m2\repository\org\skyscreamer\jsonassert\1.5.1\jsonassert-1.5.1.jar;C:\Users\Stefan.Klewer\.m2\repository\com\vaadin\external\google\android-json\0.0.20131108.vaadin1\android-json-0.0.20131108.vaadin1.jar;C:\Users\Stefan.Klewer\.m2\repository\org\springframework\spring-core\6.1.5\spring-core-6.1.5.jar;C:\Users\Stefan.Klewer\.m2\repository\org\springframework\spring-jcl\6.1.5\spring-jcl-6.1.5.jar;C:\Users\Stefan.Klewer\.m2\repository\org\springframework\spring-test\6.1.5\spring-test-6.1.5.jar;C:\Users\Stefan.Klewer\.m2\repository\org\xmlunit\xmlunit-core\2.9.1\xmlunit-core-2.9.1.jar;"/>
    <property name="sun.cpu.endian" value="little"/>
    <property name="user.home" value="C:\Users\Stefan.Klewer"/>
    <property name="user.language" value="en"/>
    <property name="java.specification.vendor" value="Oracle Corporation"/>
    <property name="java.version.date" value="2024-01-16"/>
    <property name="java.home" value="C:\01 - Tooling\sts-4.22.0.RELEASE\plugins\org.eclipse.justj.openjdk.hotspot.jre.full.win32.x86_64_17.0.10.v20240120-1143\jre"/>
    <property name="file.separator" value="\"/>
    <property name="style.color" value="always"/>
    <property name="basedir" value="C:\Users\Stefan.Klewer\git\workflow-test"/>
    <property name="java.vm.compressedOopsMode" value="Zero based"/>
    <property name="line.separator" value="&#10;"/>
    <property name="java.vm.specification.vendor" value="Oracle Corporation"/>
    <property name="java.specification.name" value="Java Platform API Specification"/>
    <property name="FILE_LOG_CHARSET" value="windows-1252"/>
    <property name="java.awt.headless" value="true"/>
    <property name="surefire.real.class.path" value="C:\Users\Stefan.Klewer\AppData\Local\Temp\2\surefire3338400758555801859\surefirebooter-20240415080745485_3.jar"/>
    <property name="user.script" value=""/>
    <property name="sun.management.compiler" value="HotSpot 64-Bit Tiered Compilers"/>
    <property name="java.runtime.version" value="17.0.10+7"/>
    <property name="user.name" value="Stefan.Klewer"/>
    <property name="path.separator" value=";"/>
    <property name="os.version" value="10.0"/>
    <property name="java.runtime.name" value="OpenJDK Runtime Environment"/>
    <property name="file.encoding" value="Cp1252"/>
    <property name="java.vm.name" value="OpenJDK 64-Bit Server VM"/>
    <property name="java.vendor.version" value="Temurin-17.0.10+7"/>
    <property name="localRepository" value="C:\Users\Stefan.Klewer\.m2\repository"/>
    <property name="java.vendor.url.bug" value="https://github.com/adoptium/adoptium-support/issues"/>
    <property name="java.io.tmpdir" value="C:\Users\Stefan.Klewer\AppData\Local\Temp\2\"/>
    <property name="java.version" value="17.0.10"/>
    <property name="user.dir" value="C:\Users\Stefan.Klewer\git\workflow-test"/>
    <property name="os.arch" value="amd64"/>
    <property name="java.vm.specification.name" value="Java Virtual Machine Specification"/>
    <property name="PID" value="12044"/>
    <property name="user.language.format" value="de"/>
    <property name="sun.os.patch.level" value=""/>
    <property name="CONSOLE_LOG_CHARSET" value="windows-1252"/>
    <property name="native.encoding" value="Cp1252"/>
    <property name="java.library.path" value="C:\01 - Tooling\sts-4.22.0.RELEASE\plugins\org.eclipse.justj.openjdk.hotspot.jre.full.win32.x86_64_17.0.10.v20240120-1143\jre\bin;C:\Windows\Sun\Java\bin;C:\Windows\system32;C:\Windows;C:/01 - Tooling/sts-4.22.0.RELEASE//plugins/org.eclipse.justj.openjdk.hotspot.jre.full.win32.x86_64_17.0.10.v20240120-1143/jre/bin/server;C:/01 - Tooling/sts-4.22.0.RELEASE//plugins/org.eclipse.justj.openjdk.hotspot.jre.full.win32.x86_64_17.0.10.v20240120-1143/jre/bin;C:\Program Files\OpenLogic\jdk-17.0.10.7-hotspot\bin;C:\Program Files\Microsoft\jdk-11.0.16.101-hotspot\bin;C:\Windows\system32;C:\Windows;C:\Windows\System32\Wbem;C:\Windows\System32\WindowsPowerShell\v1.0\;C:\ProgramData\chocolatey\bin;C:\Program Files\Git\cmd;C:\Program Files\PuTTY\;C:\Program Files\OpenJDK\jdk-13.0.2\bin;C:\HashiCorp\Vagrant\bin;C:\Program Files\TortoiseGit\bin;C:\Program Files (x86)\Diffuse;C:\Program Files\nodejs\;D:\DevTooling\apache-maven-3.8.6\bin;C:\Program Files\OpenLogic\jdk-17.0.10.7-hotspot\\bin;C:\Users\Stefan.Klewer\AppData\Local\Microsoft\WindowsApps;C:\Program Files\Oracle\VirtualBox;;C:\Users\Stefan.Klewer\AppData\Local\Programs\Microsoft VS Code\bin;C:\Users\Stefan.Klewer\AppData\Roaming\npm;C:\Users\Stefan.Klewer\AppData\Local\Programs\Fiddler;C:\Users\Stefan.Klewer\AppData\Local\Programs\Json2Puml\bin;;C:\01 - Tooling\sts-4.22.0.RELEASE;;."/>
    <property name="java.vm.info" value="mixed mode"/>
    <property name="java.vendor" value="Eclipse Adoptium"/>
    <property name="java.vm.version" value="17.0.10+7"/>
    <property name="sun.io.unicode.encoding" value="UnicodeLittle"/>
    <property name="java.class.version" value="61.0"/>
    <property name="LOGGED_APPLICATION_NAME" value="[automation] "/>
  </properties>
  <testcase name="contextLoads" classname="de.automation.skl.AutomationApplicationTests" time="0.893">
    <system-out><![CDATA[08:07:46.476 [main] INFO org.springframework.test.context.support.AnnotationConfigContextLoaderUtils -- Could not detect default configuration classes for test class [de.automation.skl.AutomationApplicationTests]: AutomationApplicationTests does not declare any static, non-private, non-final, nested classes annotated with @Configuration.
08:07:46.588 [main] INFO org.springframework.boot.test.context.SpringBootTestContextBootstrapper -- Found @SpringBootConfiguration de.automation.skl.AutomationApplication for test class de.automation.skl.AutomationApplicationTests

 ____                                 _         ____  _       _    __                      
/ ___| __ _ _ __ ___  _   _ _ __   __| | __ _  |  _ \| | __ _| |_ / _| ___  _ __ _ __ ___  
| |   / _` | '_ ` _ \| | | | '_ \ / _` |/ _` | | |_) | |/ _` | __| |_ / _ \| '__| '_ ` _ \ 
| |__| (_| | | | | | | |_| | | | | (_| | (_| | |  __/| | (_| | |_|  _| (_) | |  | | | | | |
\____/\__,_|_| |_| |_|\__,_|_| |_|\__,_|\__,_| |_|   |_|\__,_|\__|_|  \___/|_|  |_| |_| |_|

  Spring-Boot:  (v3.2.4)
  Camunda Platform: (v7.21.0)
  Camunda Platform Spring Boot Starter: (v7.21.0)

2024-04-15T08:07:47.076+02:00  INFO 12044 --- [automation] [           main] d.a.skl.AutomationApplicationTests       : Starting AutomationApplicationTests using Java 17.0.10 with PID 12044 (started by Stefan.Klewer in C:\Users\Stefan.Klewer\git\workflow-test)
2024-04-15T08:07:47.078+02:00  INFO 12044 --- [automation] [           main] d.a.skl.AutomationApplicationTests       : No active profile set, falling back to 1 default profile: "default"
2024-04-15T08:07:49.012+02:00  INFO 12044 --- [automation] [           main] o.s.j.d.e.EmbeddedDatabaseFactory        : Starting embedded database: url='jdbc:h2:mem:7ee82ebb-f83d-48e0-8bd8-f92f0e814753;DB_CLOSE_DELAY=-1;DB_CLOSE_ON_EXIT=false', username='sa'
2024-04-15T08:07:49.278+02:00  INFO 12044 --- [automation] [           main] org.camunda.bpm.spring.boot              : STARTER-SB040 Setting up jobExecutor with corePoolSize=3, maxPoolSize:10
2024-04-15T08:07:49.372+02:00  INFO 12044 --- [automation] [           main] org.camunda.bpm.engine.cfg               : ENGINE-12003 Plugin 'CompositeProcessEnginePlugin[genericPropertiesConfiguration, camundaProcessEngineConfiguration, camundaDatasourceConfiguration, camundaJobConfiguration, camundaHistoryConfiguration, camundaMetricsConfiguration, camundaAuthorizationConfiguration, camundaDeploymentConfiguration, createAdminUserConfiguration, failedJobConfiguration, CreateFilterConfiguration[filterName=All task], eventPublisherPlugin, ApplicationContextClassloaderSwitchPlugin]' activated on process engine 'default'
2024-04-15T08:07:50.274+02:00  INFO 12044 --- [automation] [           main] org.camunda.bpm.spring.boot              : STARTER-SB021 Auto-Deploying resources: []
2024-04-15T08:07:50.278+02:00  INFO 12044 --- [automation] [           main] o.c.b.s.b.s.event.EventPublisherPlugin   : EVENTING-001: Initialized Camunda Spring Boot Eventing Engine Plugin.
2024-04-15T08:07:50.278+02:00  INFO 12044 --- [automation] [           main] o.c.b.s.b.s.event.EventPublisherPlugin   : EVENTING-003: Task events will be published as Spring Events.
2024-04-15T08:07:50.278+02:00  INFO 12044 --- [automation] [           main] o.c.b.s.b.s.event.EventPublisherPlugin   : EVENTING-005: Execution events will be published as Spring Events.
2024-04-15T08:07:50.278+02:00  INFO 12044 --- [automation] [           main] o.c.b.s.b.s.event.EventPublisherPlugin   : EVENTING-009: Listeners will not be invoked if a skipCustomListeners API parameter is set to true by user.
2024-04-15T08:07:50.285+02:00  INFO 12044 --- [automation] [           main] o.c.b.s.b.s.event.EventPublisherPlugin   : EVENTING-007: History events will be published as Spring events.
2024-04-15T08:07:50.527+02:00  INFO 12044 --- [automation] [           main] org.camunda.feel.FeelEngine              : Engine created. [value-mapper: CompositeValueMapper(List(org.camunda.feel.impl.JavaValueMapper@3a8b9458)), function-provider: org.camunda.bpm.dmn.feel.impl.scala.function.CustomFunctionTransformer@42cfd794, clock: SystemClock, configuration: {externalFunctionsEnabled: false}]
Standard Commons Logging discovery in action with spring-jcl: please remove commons-logging.jar from classpath in order to avoid potential conflicts
2024-04-15T08:07:52.706+02:00  INFO 12044 --- [automation] [           main] org.camunda.bpm.connect                  : CNCT-01004 Discovered provider for connector id 'http-connector' and class 'org.camunda.connect.httpclient.impl.HttpConnectorImpl': 'org.camunda.connect.httpclient.impl.HttpConnectorProviderImpl'
2024-04-15T08:07:52.709+02:00  INFO 12044 --- [automation] [           main] org.camunda.bpm.connect                  : CNCT-01004 Discovered provider for connector id 'soap-http-connector' and class 'org.camunda.connect.httpclient.soap.impl.SoapHttpConnectorImpl': 'org.camunda.connect.httpclient.soap.impl.SoapHttpConnectorProviderImpl'
2024-04-15T08:07:52.858+02:00  INFO 12044 --- [automation] [           main] org.camunda.bpm.engine.persistence       : ENGINE-03016 Performing database operation 'create' on component 'engine' with resource 'org/camunda/bpm/engine/db/create/activiti.h2.create.engine.sql'
2024-04-15T08:07:52.889+02:00  INFO 12044 --- [automation] [           main] org.camunda.bpm.engine.persistence       : ENGINE-03016 Performing database operation 'create' on component 'history' with resource 'org/camunda/bpm/engine/db/create/activiti.h2.create.history.sql'
2024-04-15T08:07:52.897+02:00  INFO 12044 --- [automation] [           main] org.camunda.bpm.engine.persistence       : ENGINE-03016 Performing database operation 'create' on component 'identity' with resource 'org/camunda/bpm/engine/db/create/activiti.h2.create.identity.sql'
2024-04-15T08:07:52.908+02:00  INFO 12044 --- [automation] [           main] org.camunda.bpm.engine.persistence       : ENGINE-03016 Performing database operation 'create' on component 'case.engine' with resource 'org/camunda/bpm/engine/db/create/activiti.h2.create.case.engine.sql'
2024-04-15T08:07:52.911+02:00  INFO 12044 --- [automation] [           main] org.camunda.bpm.engine.persistence       : ENGINE-03016 Performing database operation 'create' on component 'case.history' with resource 'org/camunda/bpm/engine/db/create/activiti.h2.create.case.history.sql'
2024-04-15T08:07:52.915+02:00  INFO 12044 --- [automation] [           main] org.camunda.bpm.engine.persistence       : ENGINE-03016 Performing database operation 'create' on component 'decision.engine' with resource 'org/camunda/bpm/engine/db/create/activiti.h2.create.decision.engine.sql'
2024-04-15T08:07:52.939+02:00  INFO 12044 --- [automation] [           main] org.camunda.bpm.engine.persistence       : ENGINE-03016 Performing database operation 'create' on component 'decision.history' with resource 'org/camunda/bpm/engine/db/create/activiti.h2.create.decision.history.sql'
2024-04-15T08:07:52.974+02:00  INFO 12044 --- [automation] [           main] org.camunda.bpm.engine.persistence       : ENGINE-03067 No history level property found in database
2024-04-15T08:07:52.978+02:00  INFO 12044 --- [automation] [           main] org.camunda.bpm.engine.persistence       : ENGINE-03065 Creating historyLevel property in database for level: HistoryLevelFull(name=full, id=3)
2024-04-15T08:07:52.999+02:00  INFO 12044 --- [automation] [           main] org.camunda.bpm.engine                   : ENGINE-00001 Process Engine default created.
2024-04-15T08:07:53.211+02:00  INFO 12044 --- [automation] [           main] org.camunda.bpm.spring.boot              : STARTER-SB015 Create initial filter: id=7ed45932-faee-11ee-bf31-005056a268cd name=All task
2024-04-15T08:07:53.500+02:00  INFO 12044 --- [automation] [           main] o.s.b.a.e.web.EndpointLinksResolver      : Exposing 1 endpoint(s) beneath base path '/actuator'
2024-04-15T08:07:53.571+02:00  INFO 12044 --- [automation] [           main] d.a.skl.AutomationApplicationTests       : Started AutomationApplicationTests in 6.798 seconds (process running for 7.943)
2024-04-15T08:07:53.619+02:00  INFO 12044 --- [automation] [           main] org.camunda.bpm.engine.jobexecutor       : ENGINE-14014 Starting up the JobExecutor[org.camunda.bpm.engine.spring.components.jobexecutor.SpringJobExecutor].
2024-04-15T08:07:53.621+02:00  INFO 12044 --- [automation] [ingJobExecutor]] org.camunda.bpm.engine.jobexecutor       : ENGINE-14018 JobExecutor[org.camunda.bpm.engine.spring.components.jobexecutor.SpringJobExecutor] starting to acquire jobs
]]></system-out>
  </testcase>
</testsuite>